<?xml version="1.0" encoding="UTF-8"?>
<testsuite name="com.ceiba.biblioteca.calificador.PrestamoTests" tests="6" skipped="0" failures="0" errors="0" timestamp="2023-02-25T16:14:50" hostname="DESTRUCTOR" time="3.889">
  <properties/>
  <testcase name="prestamoLibroUsuarioInvitadoDeberiaAlmacenarCorrectamenteYCalcularFechaDeDevolucion()" classname="com.ceiba.biblioteca.calificador.PrestamoTests" time="1.255"/>
  <testcase name="prestamoLibroUsuarioEmpleadoDeberiaAlmacenarCorrectamenteYCalcularFechaDeDevolucion()" classname="com.ceiba.biblioteca.calificador.PrestamoTests" time="0.702"/>
  <testcase name="usuarioInvitadoTratandoDePrestarUnSegundoLibroDeberiaRetornarExcepcion()" classname="com.ceiba.biblioteca.calificador.PrestamoTests" time="0.555"/>
  <testcase name="prestamoConTipoDeUsuarioNoPermitidoDeberiaRetornarExcepcion()" classname="com.ceiba.biblioteca.calificador.PrestamoTests" time="0.452"/>
  <testcase name="usuarioNoInvitadoTratandoDePrestarUnSegundoLibroDeberiaPrestarloCorrectamente()" classname="com.ceiba.biblioteca.calificador.PrestamoTests" time="0.516"/>
  <testcase name="prestamoLibroUsuarioAfiliadoDeberiaAlmacenarCorrectamenteYCalcularFechaDeDevolucion()" classname="com.ceiba.biblioteca.calificador.PrestamoTests" time="0.406"/>
  <system-out><![CDATA[11:14:46.913 [Test worker] DEBUG org.springframework.test.context.BootstrapUtils - Instantiating CacheAwareContextLoaderDelegate from class [org.springframework.test.context.cache.DefaultCacheAwareContextLoaderDelegate]
11:14:46.925 [Test worker] DEBUG org.springframework.test.context.BootstrapUtils - Instantiating BootstrapContext using constructor [public org.springframework.test.context.support.DefaultBootstrapContext(java.lang.Class,org.springframework.test.context.CacheAwareContextLoaderDelegate)]
11:14:46.950 [Test worker] DEBUG org.springframework.test.context.BootstrapUtils - Instantiating TestContextBootstrapper for test class [com.ceiba.biblioteca.calificador.PrestamoTests] from class [org.springframework.boot.test.context.SpringBootTestContextBootstrapper]
11:14:46.962 [Test worker] INFO org.springframework.boot.test.context.SpringBootTestContextBootstrapper - Neither @ContextConfiguration nor @ContextHierarchy found for test class [com.ceiba.biblioteca.calificador.PrestamoTests], using SpringBootContextLoader
11:14:46.965 [Test worker] DEBUG org.springframework.test.context.support.AbstractContextLoader - Did not detect default resource location for test class [com.ceiba.biblioteca.calificador.PrestamoTests]: class path resource [com/ceiba/biblioteca/calificador/PrestamoTests-context.xml] does not exist
11:14:46.965 [Test worker] DEBUG org.springframework.test.context.support.AbstractContextLoader - Did not detect default resource location for test class [com.ceiba.biblioteca.calificador.PrestamoTests]: class path resource [com/ceiba/biblioteca/calificador/PrestamoTestsContext.groovy] does not exist
11:14:46.965 [Test worker] INFO org.springframework.test.context.support.AbstractContextLoader - Could not detect default resource locations for test class [com.ceiba.biblioteca.calificador.PrestamoTests]: no resource found for suffixes {-context.xml, Context.groovy}.
11:14:46.966 [Test worker] INFO org.springframework.test.context.support.AnnotationConfigContextLoaderUtils - Could not detect default configuration classes for test class [com.ceiba.biblioteca.calificador.PrestamoTests]: PrestamoTests does not declare any static, non-private, non-final, nested classes annotated with @Configuration.
11:14:46.998 [Test worker] DEBUG org.springframework.test.context.support.ActiveProfilesUtils - Could not find an 'annotation declaring class' for annotation type [org.springframework.test.context.ActiveProfiles] and class [com.ceiba.biblioteca.calificador.PrestamoTests]
11:14:47.047 [Test worker] DEBUG org.springframework.context.annotation.ClassPathScanningCandidateComponentProvider - Identified candidate component class: file [C:\Trabajo-OLD\Prueba001\ce8227ac-0238-4527-8cac-e9d21fdfa958\biblioteca\build\classes\java\main\com\ceiba\biblioteca\BibliotecaApplication.class]
11:14:47.047 [Test worker] INFO org.springframework.boot.test.context.SpringBootTestContextBootstrapper - Found @SpringBootConfiguration com.ceiba.biblioteca.BibliotecaApplication for test class com.ceiba.biblioteca.calificador.PrestamoTests
11:14:47.108 [Test worker] DEBUG org.springframework.boot.test.context.SpringBootTestContextBootstrapper - @TestExecutionListeners is not present for class [com.ceiba.biblioteca.calificador.PrestamoTests]: using defaults.
11:14:47.108 [Test worker] INFO org.springframework.boot.test.context.SpringBootTestContextBootstrapper - Loaded default TestExecutionListener class names from location [META-INF/spring.factories]: [org.springframework.boot.test.autoconfigure.restdocs.RestDocsTestExecutionListener, org.springframework.boot.test.autoconfigure.web.client.MockRestServiceServerResetTestExecutionListener, org.springframework.boot.test.autoconfigure.web.servlet.MockMvcPrintOnlyOnFailureTestExecutionListener, org.springframework.boot.test.autoconfigure.web.servlet.WebDriverTestExecutionListener, org.springframework.boot.test.mock.mockito.MockitoTestExecutionListener, org.springframework.boot.test.mock.mockito.ResetMocksTestExecutionListener, org.springframework.test.context.web.ServletTestExecutionListener, org.springframework.test.context.support.DirtiesContextBeforeModesTestExecutionListener, org.springframework.test.context.support.DependencyInjectionTestExecutionListener, org.springframework.test.context.support.DirtiesContextTestExecutionListener, org.springframework.test.context.transaction.TransactionalTestExecutionListener, org.springframework.test.context.jdbc.SqlScriptsTestExecutionListener, org.springframework.test.context.event.EventPublishingTestExecutionListener]
11:14:47.124 [Test worker] INFO org.springframework.boot.test.context.SpringBootTestContextBootstrapper - Using TestExecutionListeners: [org.springframework.test.context.web.ServletTestExecutionListener@5f4c9e42, org.springframework.test.context.support.DirtiesContextBeforeModesTestExecutionListener@7abf1ec9, org.springframework.boot.test.mock.mockito.MockitoTestExecutionListener@498585e8, org.springframework.boot.test.autoconfigure.SpringBootDependencyInjectionTestExecutionListener@12a7c4e0, org.springframework.test.context.support.DirtiesContextTestExecutionListener@29a2f678, org.springframework.test.context.transaction.TransactionalTestExecutionListener@2be9fcd3, org.springframework.test.context.jdbc.SqlScriptsTestExecutionListener@4ea68683, org.springframework.test.context.event.EventPublishingTestExecutionListener@620acb73, org.springframework.boot.test.autoconfigure.restdocs.RestDocsTestExecutionListener@5ca5e07c, org.springframework.boot.test.autoconfigure.web.client.MockRestServiceServerResetTestExecutionListener@384e905f, org.springframework.boot.test.autoconfigure.web.servlet.MockMvcPrintOnlyOnFailureTestExecutionListener@42a69b4b, org.springframework.boot.test.autoconfigure.web.servlet.WebDriverTestExecutionListener@76c3913f, org.springframework.boot.test.mock.mockito.ResetMocksTestExecutionListener@596399b]
11:14:47.129 [Test worker] DEBUG org.springframework.test.context.support.AbstractDirtiesContextTestExecutionListener - Before test class: context [DefaultTestContext@596174f6 testClass = PrestamoTests, testInstance = [null], testMethod = [null], testException = [null], mergedContextConfiguration = [WebMergedContextConfiguration@53cca32 testClass = PrestamoTests, locations = '{}', classes = '{class com.ceiba.biblioteca.BibliotecaApplication}', contextInitializerClasses = '[]', activeProfiles = '{}', propertySourceLocations = '{}', propertySourceProperties = '{org.springframework.boot.test.context.SpringBootTestContextBootstrapper=true}', contextCustomizers = set[org.springframework.boot.test.autoconfigure.properties.PropertyMappingContextCustomizer@4b3fa0b3, org.springframework.boot.test.autoconfigure.web.servlet.WebDriverContextCustomizerFactory$Customizer@46f93d1b, [ImportsContextCustomizer@2d1e6096 key = [org.springframework.boot.test.autoconfigure.web.servlet.MockMvcAutoConfiguration, org.springframework.boot.test.autoconfigure.web.servlet.MockMvcWebClientAutoConfiguration, org.springframework.boot.test.autoconfigure.web.servlet.MockMvcWebDriverAutoConfiguration, org.springframework.boot.autoconfigure.security.servlet.SecurityAutoConfiguration, org.springframework.boot.autoconfigure.security.servlet.UserDetailsServiceAutoConfiguration, org.springframework.boot.test.autoconfigure.web.servlet.MockMvcSecurityConfiguration]], org.springframework.boot.test.context.filter.ExcludeFilterContextCustomizer@51a95680, org.springframework.boot.test.json.DuplicateJsonObjectContextCustomizerFactory$DuplicateJsonObjectContextCustomizer@124bb1f5, org.springframework.boot.test.mock.mockito.MockitoContextCustomizer@0, org.springframework.boot.test.web.client.TestRestTemplateContextCustomizer@4f776320], resourceBasePath = 'src/main/webapp', contextLoader = 'org.springframework.boot.test.context.SpringBootContextLoader', parent = [null]], attributes = map['org.springframework.test.context.web.ServletTestExecutionListener.activateListener' -> true]], class annotated with @DirtiesContext [true] with mode [BEFORE_EACH_TEST_METHOD].
11:14:47.146 [Test worker] DEBUG org.springframework.test.context.support.TestPropertySourceUtils - Adding inlined properties to environment: {spring.jmx.enabled=false, org.springframework.boot.test.context.SpringBootTestContextBootstrapper=true, server.port=-1}

  .   ____          _            __ _ _
 /\\ / ___'_ __ _ _(_)_ __  __ _ \ \ \ \
( ( )\___ | '_ | '_| | '_ \/ _` | \ \ \ \
 \\/  ___)| |_)| | | | | || (_| |  ) ) ) )
  '  |____| .__|_| |_|_| |_\__, | / / / /
 =========|_|==============|___/=/_/_/_/
 :: Spring Boot ::        (v2.2.1.RELEASE)

2023-02-25 11:14:47.357  INFO 5440 --- [    Test worker] c.c.b.calificador.PrestamoTests          : Starting PrestamoTests on Destructor with PID 5440 (started by juand in C:\Trabajo-OLD\Prueba001\ce8227ac-0238-4527-8cac-e9d21fdfa958\biblioteca)
2023-02-25 11:14:47.359  INFO 5440 --- [    Test worker] c.c.b.calificador.PrestamoTests          : No active profile set, falling back to default profiles: default
2023-02-25 11:14:47.832  INFO 5440 --- [    Test worker] .s.d.r.c.RepositoryConfigurationDelegate : Bootstrapping Spring Data repositories in DEFAULT mode.
2023-02-25 11:14:47.887  INFO 5440 --- [    Test worker] .s.d.r.c.RepositoryConfigurationDelegate : Finished Spring Data repository scanning in 48ms. Found 1 repository interfaces.
2023-02-25 11:14:48.130  INFO 5440 --- [    Test worker] trationDelegate$BeanPostProcessorChecker : Bean 'org.springframework.transaction.annotation.ProxyTransactionManagementConfiguration' of type [org.springframework.transaction.annotation.ProxyTransactionManagementConfiguration] is not eligible for getting processed by all BeanPostProcessors (for example: not eligible for auto-proxying)
2023-02-25 11:14:48.228  INFO 5440 --- [    Test worker] com.zaxxer.hikari.HikariDataSource       : HikariPool-1 - Starting...
2023-02-25 11:14:48.419  INFO 5440 --- [    Test worker] com.zaxxer.hikari.HikariDataSource       : HikariPool-1 - Start completed.
2023-02-25 11:14:48.592  INFO 5440 --- [    Test worker] o.hibernate.jpa.internal.util.LogHelper  : HHH000204: Processing PersistenceUnitInfo [name: default]
2023-02-25 11:14:48.697  INFO 5440 --- [    Test worker] org.hibernate.Version                    : HHH000412: Hibernate Core {5.4.2.Final}
2023-02-25 11:14:48.821  INFO 5440 --- [    Test worker] o.hibernate.annotations.common.Version   : HCANN000001: Hibernate Commons Annotations {5.1.2.Final}
2023-02-25 11:14:48.909  INFO 5440 --- [    Test worker] org.hibernate.dialect.Dialect            : HHH000400: Using dialect: org.hibernate.dialect.H2Dialect
2023-02-25 11:14:49.343  INFO 5440 --- [    Test worker] o.h.e.t.j.p.i.JtaPlatformInitiator       : HHH000490: Using JtaPlatform implementation: [org.hibernate.engine.transaction.jta.platform.internal.NoJtaPlatform]
2023-02-25 11:14:49.344  INFO 5440 --- [    Test worker] j.LocalContainerEntityManagerFactoryBean : Initialized JPA EntityManagerFactory for persistence unit 'default'
2023-02-25 11:14:49.838  WARN 5440 --- [    Test worker] JpaBaseConfiguration$JpaWebConfiguration : spring.jpa.open-in-view is enabled by default. Therefore, database queries may be performed during view rendering. Explicitly configure spring.jpa.open-in-view to disable this warning
2023-02-25 11:14:50.089  INFO 5440 --- [    Test worker] o.s.s.concurrent.ThreadPoolTaskExecutor  : Initializing ExecutorService 'applicationTaskExecutor'
2023-02-25 11:14:50.369  INFO 5440 --- [    Test worker] o.s.b.a.h2.H2ConsoleAutoConfiguration    : H2 console available at '/h2'. Database available at 'jdbc:h2:mem:~/bibliotecaTest'
2023-02-25 11:14:50.464  INFO 5440 --- [    Test worker] o.s.b.t.m.w.SpringBootMockServletContext : Initializing Spring TestDispatcherServlet ''
2023-02-25 11:14:50.465  INFO 5440 --- [    Test worker] o.s.t.web.servlet.TestDispatcherServlet  : Initializing Servlet ''
2023-02-25 11:14:50.482  INFO 5440 --- [    Test worker] o.s.t.web.servlet.TestDispatcherServlet  : Completed initialization in 17 ms
2023-02-25 11:14:50.506  INFO 5440 --- [    Test worker] c.c.b.calificador.PrestamoTests          : Started PrestamoTests in 3.353 seconds (JVM running for 4.282)
2023-02-25 11:14:50.530  INFO 5440 --- [    Test worker] o.s.s.concurrent.ThreadPoolTaskExecutor  : Shutting down ExecutorService 'applicationTaskExecutor'
2023-02-25 11:14:50.531  INFO 5440 --- [    Test worker] j.LocalContainerEntityManagerFactoryBean : Closing JPA EntityManagerFactory for persistence unit 'default'
2023-02-25 11:14:50.531  INFO 5440 --- [    Test worker] .SchemaDropperImpl$DelayedDropActionImpl : HHH000477: Starting delayed evictData of schema as part of SessionFactory shut-down'
2023-02-25 11:14:50.535  INFO 5440 --- [    Test worker] com.zaxxer.hikari.HikariDataSource       : HikariPool-1 - Shutdown initiated...
2023-02-25 11:14:50.539  INFO 5440 --- [    Test worker] com.zaxxer.hikari.HikariDataSource       : HikariPool-1 - Shutdown completed.

  .   ____          _            __ _ _
 /\\ / ___'_ __ _ _(_)_ __  __ _ \ \ \ \
( ( )\___ | '_ | '_| | '_ \/ _` | \ \ \ \
 \\/  ___)| |_)| | | | | || (_| |  ) ) ) )
  '  |____| .__|_| |_|_| |_\__, | / / / /
 =========|_|==============|___/=/_/_/_/
 :: Spring Boot ::        (v2.2.1.RELEASE)

2023-02-25 11:14:50.566  INFO 5440 --- [    Test worker] c.c.b.calificador.PrestamoTests          : Starting PrestamoTests on Destructor with PID 5440 (started by juand in C:\Trabajo-OLD\Prueba001\ce8227ac-0238-4527-8cac-e9d21fdfa958\biblioteca)
2023-02-25 11:14:50.566  INFO 5440 --- [    Test worker] c.c.b.calificador.PrestamoTests          : No active profile set, falling back to default profiles: default
2023-02-25 11:14:50.697  INFO 5440 --- [    Test worker] .s.d.r.c.RepositoryConfigurationDelegate : Bootstrapping Spring Data repositories in DEFAULT mode.
2023-02-25 11:14:50.709  INFO 5440 --- [    Test worker] .s.d.r.c.RepositoryConfigurationDelegate : Finished Spring Data repository scanning in 11ms. Found 1 repository interfaces.
2023-02-25 11:14:50.781  INFO 5440 --- [    Test worker] trationDelegate$BeanPostProcessorChecker : Bean 'org.springframework.transaction.annotation.ProxyTransactionManagementConfiguration' of type [org.springframework.transaction.annotation.ProxyTransactionManagementConfiguration] is not eligible for getting processed by all BeanPostProcessors (for example: not eligible for auto-proxying)
2023-02-25 11:14:50.824  INFO 5440 --- [    Test worker] com.zaxxer.hikari.HikariDataSource       : HikariPool-2 - Starting...
2023-02-25 11:14:50.829  INFO 5440 --- [    Test worker] com.zaxxer.hikari.HikariDataSource       : HikariPool-2 - Start completed.
2023-02-25 11:14:50.865  INFO 5440 --- [    Test worker] o.hibernate.jpa.internal.util.LogHelper  : HHH000204: Processing PersistenceUnitInfo [name: default]
2023-02-25 11:14:50.869  INFO 5440 --- [    Test worker] org.hibernate.dialect.Dialect            : HHH000400: Using dialect: org.hibernate.dialect.H2Dialect
2023-02-25 11:14:50.906  INFO 5440 --- [    Test worker] o.h.e.t.j.p.i.JtaPlatformInitiator       : HHH000490: Using JtaPlatform implementation: [org.hibernate.engine.transaction.jta.platform.internal.NoJtaPlatform]
2023-02-25 11:14:50.906  INFO 5440 --- [    Test worker] j.LocalContainerEntityManagerFactoryBean : Initialized JPA EntityManagerFactory for persistence unit 'default'
2023-02-25 11:14:51.088  WARN 5440 --- [    Test worker] JpaBaseConfiguration$JpaWebConfiguration : spring.jpa.open-in-view is enabled by default. Therefore, database queries may be performed during view rendering. Explicitly configure spring.jpa.open-in-view to disable this warning
2023-02-25 11:14:51.200  INFO 5440 --- [    Test worker] o.s.s.concurrent.ThreadPoolTaskExecutor  : Initializing ExecutorService 'applicationTaskExecutor'
2023-02-25 11:14:51.315  INFO 5440 --- [    Test worker] o.s.b.a.h2.H2ConsoleAutoConfiguration    : H2 console available at '/h2'. Database available at 'jdbc:h2:mem:~/bibliotecaTest'
2023-02-25 11:14:51.369  INFO 5440 --- [    Test worker] o.s.b.t.m.w.SpringBootMockServletContext : Initializing Spring TestDispatcherServlet ''
2023-02-25 11:14:51.369  INFO 5440 --- [    Test worker] o.s.t.web.servlet.TestDispatcherServlet  : Initializing Servlet ''
2023-02-25 11:14:51.373  INFO 5440 --- [    Test worker] o.s.t.web.servlet.TestDispatcherServlet  : Completed initialization in 4 ms
2023-02-25 11:14:51.378  INFO 5440 --- [    Test worker] c.c.b.calificador.PrestamoTests          : Started PrestamoTests in 0.834 seconds (JVM running for 5.154)

MockHttpServletRequest:
      HTTP Method = POST
      Request URI = /prestamo
       Parameters = {}
          Headers = [Content-Type:"application/json;charset=UTF-8"]
             Body = {"isbn":"EQWQW8545","identificacionUsuario":"74851254","tipoUsuario":3}
    Session Attrs = {}

Handler:
             Type = com.ceiba.biblioteca.controller.PrestamoControlador
           Method = com.ceiba.biblioteca.controller.PrestamoControlador#guardarUsuarioBook(UsuarioBookInDTO)

Async:
    Async started = false
     Async result = null

Resolved Exception:
             Type = null

ModelAndView:
        View name = null
             View = null
            Model = null

FlashMap:
       Attributes = null

MockHttpServletResponse:
           Status = 200
    Error message = null
          Headers = [Content-Type:"application/json"]
     Content type = application/json
             Body = {"id":1,"fechaMaximaDevolucion":"07/03/2023"}
    Forwarded URL = null
   Redirected URL = null
          Cookies = []

MockHttpServletRequest:
      HTTP Method = GET
      Request URI = /prestamo/1
       Parameters = {}
          Headers = [Accept:"application/json"]
             Body = null
    Session Attrs = {}

Handler:
             Type = com.ceiba.biblioteca.controller.PrestamoControlador
           Method = com.ceiba.biblioteca.controller.PrestamoControlador#getUserBook(Long)

Async:
    Async started = false
     Async result = null

Resolved Exception:
             Type = null

ModelAndView:
        View name = null
             View = null
            Model = null

FlashMap:
       Attributes = null

MockHttpServletResponse:
           Status = 200
    Error message = null
          Headers = [Content-Type:"application/json"]
     Content type = application/json
             Body = {"id":1,"isbn":"EQWQW8545","identificacionUsuario":"74851254","tipoUsuario":3,"fechaMaximaDevolucion":"07/03/2023"}
    Forwarded URL = null
   Redirected URL = null
          Cookies = []
2023-02-25 11:14:51.785  INFO 5440 --- [    Test worker] o.s.s.concurrent.ThreadPoolTaskExecutor  : Shutting down ExecutorService 'applicationTaskExecutor'
2023-02-25 11:14:51.785  INFO 5440 --- [    Test worker] j.LocalContainerEntityManagerFactoryBean : Closing JPA EntityManagerFactory for persistence unit 'default'
2023-02-25 11:14:51.786  INFO 5440 --- [    Test worker] .SchemaDropperImpl$DelayedDropActionImpl : HHH000477: Starting delayed evictData of schema as part of SessionFactory shut-down'
2023-02-25 11:14:51.787  INFO 5440 --- [    Test worker] com.zaxxer.hikari.HikariDataSource       : HikariPool-2 - Shutdown initiated...
2023-02-25 11:14:51.790  INFO 5440 --- [    Test worker] com.zaxxer.hikari.HikariDataSource       : HikariPool-2 - Shutdown completed.

  .   ____          _            __ _ _
 /\\ / ___'_ __ _ _(_)_ __  __ _ \ \ \ \
( ( )\___ | '_ | '_| | '_ \/ _` | \ \ \ \
 \\/  ___)| |_)| | | | | || (_| |  ) ) ) )
  '  |____| .__|_| |_|_| |_\__, | / / / /
 =========|_|==============|___/=/_/_/_/
 :: Spring Boot ::        (v2.2.1.RELEASE)

2023-02-25 11:14:51.812  INFO 5440 --- [    Test worker] c.c.b.calificador.PrestamoTests          : Starting PrestamoTests on Destructor with PID 5440 (started by juand in C:\Trabajo-OLD\Prueba001\ce8227ac-0238-4527-8cac-e9d21fdfa958\biblioteca)
2023-02-25 11:14:51.812  INFO 5440 --- [    Test worker] c.c.b.calificador.PrestamoTests          : No active profile set, falling back to default profiles: default
2023-02-25 11:14:51.933  INFO 5440 --- [    Test worker] .s.d.r.c.RepositoryConfigurationDelegate : Bootstrapping Spring Data repositories in DEFAULT mode.
2023-02-25 11:14:51.945  INFO 5440 --- [    Test worker] .s.d.r.c.RepositoryConfigurationDelegate : Finished Spring Data repository scanning in 11ms. Found 1 repository interfaces.
2023-02-25 11:14:52.009  INFO 5440 --- [    Test worker] trationDelegate$BeanPostProcessorChecker : Bean 'org.springframework.transaction.annotation.ProxyTransactionManagementConfiguration' of type [org.springframework.transaction.annotation.ProxyTransactionManagementConfiguration] is not eligible for getting processed by all BeanPostProcessors (for example: not eligible for auto-proxying)
2023-02-25 11:14:52.038  INFO 5440 --- [    Test worker] com.zaxxer.hikari.HikariDataSource       : HikariPool-3 - Starting...
2023-02-25 11:14:52.042  INFO 5440 --- [    Test worker] com.zaxxer.hikari.HikariDataSource       : HikariPool-3 - Start completed.
2023-02-25 11:14:52.067  INFO 5440 --- [    Test worker] o.hibernate.jpa.internal.util.LogHelper  : HHH000204: Processing PersistenceUnitInfo [name: default]
2023-02-25 11:14:52.072  INFO 5440 --- [    Test worker] org.hibernate.dialect.Dialect            : HHH000400: Using dialect: org.hibernate.dialect.H2Dialect
2023-02-25 11:14:52.101  INFO 5440 --- [    Test worker] o.h.e.t.j.p.i.JtaPlatformInitiator       : HHH000490: Using JtaPlatform implementation: [org.hibernate.engine.transaction.jta.platform.internal.NoJtaPlatform]
2023-02-25 11:14:52.101  INFO 5440 --- [    Test worker] j.LocalContainerEntityManagerFactoryBean : Initialized JPA EntityManagerFactory for persistence unit 'default'
2023-02-25 11:14:52.244  WARN 5440 --- [    Test worker] JpaBaseConfiguration$JpaWebConfiguration : spring.jpa.open-in-view is enabled by default. Therefore, database queries may be performed during view rendering. Explicitly configure spring.jpa.open-in-view to disable this warning
2023-02-25 11:14:52.322  INFO 5440 --- [    Test worker] o.s.s.concurrent.ThreadPoolTaskExecutor  : Initializing ExecutorService 'applicationTaskExecutor'
2023-02-25 11:14:52.415  INFO 5440 --- [    Test worker] o.s.b.a.h2.H2ConsoleAutoConfiguration    : H2 console available at '/h2'. Database available at 'jdbc:h2:mem:~/bibliotecaTest'
2023-02-25 11:14:52.456  INFO 5440 --- [    Test worker] o.s.b.t.m.w.SpringBootMockServletContext : Initializing Spring TestDispatcherServlet ''
2023-02-25 11:14:52.456  INFO 5440 --- [    Test worker] o.s.t.web.servlet.TestDispatcherServlet  : Initializing Servlet ''
2023-02-25 11:14:52.461  INFO 5440 --- [    Test worker] o.s.t.web.servlet.TestDispatcherServlet  : Completed initialization in 5 ms
2023-02-25 11:14:52.465  INFO 5440 --- [    Test worker] c.c.b.calificador.PrestamoTests          : Started PrestamoTests in 0.673 seconds (JVM running for 6.241)

MockHttpServletRequest:
      HTTP Method = POST
      Request URI = /prestamo
       Parameters = {}
          Headers = [Content-Type:"application/json;charset=UTF-8"]
             Body = {"isbn":"AWQ489","identificacionUsuario":"7481545","tipoUsuario":2}
    Session Attrs = {}

Handler:
             Type = com.ceiba.biblioteca.controller.PrestamoControlador
           Method = com.ceiba.biblioteca.controller.PrestamoControlador#guardarUsuarioBook(UsuarioBookInDTO)

Async:
    Async started = false
     Async result = null

Resolved Exception:
             Type = null

ModelAndView:
        View name = null
             View = null
            Model = null

FlashMap:
       Attributes = null

MockHttpServletResponse:
           Status = 200
    Error message = null
          Headers = [Content-Type:"application/json"]
     Content type = application/json
             Body = {"id":1,"fechaMaximaDevolucion":"08/03/2023"}
    Forwarded URL = null
   Redirected URL = null
          Cookies = []

MockHttpServletRequest:
      HTTP Method = GET
      Request URI = /prestamo/1
       Parameters = {}
          Headers = [Accept:"application/json"]
             Body = null
    Session Attrs = {}

Handler:
             Type = com.ceiba.biblioteca.controller.PrestamoControlador
           Method = com.ceiba.biblioteca.controller.PrestamoControlador#getUserBook(Long)

Async:
    Async started = false
     Async result = null

Resolved Exception:
             Type = null

ModelAndView:
        View name = null
             View = null
            Model = null

FlashMap:
       Attributes = null

MockHttpServletResponse:
           Status = 200
    Error message = null
          Headers = [Content-Type:"application/json"]
     Content type = application/json
             Body = {"id":1,"isbn":"AWQ489","identificacionUsuario":"7481545","tipoUsuario":2,"fechaMaximaDevolucion":"08/03/2023"}
    Forwarded URL = null
   Redirected URL = null
          Cookies = []
2023-02-25 11:14:52.488  INFO 5440 --- [    Test worker] o.s.s.concurrent.ThreadPoolTaskExecutor  : Shutting down ExecutorService 'applicationTaskExecutor'
2023-02-25 11:14:52.488  INFO 5440 --- [    Test worker] j.LocalContainerEntityManagerFactoryBean : Closing JPA EntityManagerFactory for persistence unit 'default'
2023-02-25 11:14:52.488  INFO 5440 --- [    Test worker] .SchemaDropperImpl$DelayedDropActionImpl : HHH000477: Starting delayed evictData of schema as part of SessionFactory shut-down'
2023-02-25 11:14:52.489  INFO 5440 --- [    Test worker] com.zaxxer.hikari.HikariDataSource       : HikariPool-3 - Shutdown initiated...
2023-02-25 11:14:52.492  INFO 5440 --- [    Test worker] com.zaxxer.hikari.HikariDataSource       : HikariPool-3 - Shutdown completed.

  .   ____          _            __ _ _
 /\\ / ___'_ __ _ _(_)_ __  __ _ \ \ \ \
( ( )\___ | '_ | '_| | '_ \/ _` | \ \ \ \
 \\/  ___)| |_)| | | | | || (_| |  ) ) ) )
  '  |____| .__|_| |_|_| |_\__, | / / / /
 =========|_|==============|___/=/_/_/_/
 :: Spring Boot ::        (v2.2.1.RELEASE)

2023-02-25 11:14:52.505  INFO 5440 --- [    Test worker] c.c.b.calificador.PrestamoTests          : Starting PrestamoTests on Destructor with PID 5440 (started by juand in C:\Trabajo-OLD\Prueba001\ce8227ac-0238-4527-8cac-e9d21fdfa958\biblioteca)
2023-02-25 11:14:52.505  INFO 5440 --- [    Test worker] c.c.b.calificador.PrestamoTests          : No active profile set, falling back to default profiles: default
2023-02-25 11:14:52.579  INFO 5440 --- [    Test worker] .s.d.r.c.RepositoryConfigurationDelegate : Bootstrapping Spring Data repositories in DEFAULT mode.
2023-02-25 11:14:52.586  INFO 5440 --- [    Test worker] .s.d.r.c.RepositoryConfigurationDelegate : Finished Spring Data repository scanning in 6ms. Found 1 repository interfaces.
2023-02-25 11:14:52.637  INFO 5440 --- [    Test worker] trationDelegate$BeanPostProcessorChecker : Bean 'org.springframework.transaction.annotation.ProxyTransactionManagementConfiguration' of type [org.springframework.transaction.annotation.ProxyTransactionManagementConfiguration] is not eligible for getting processed by all BeanPostProcessors (for example: not eligible for auto-proxying)
2023-02-25 11:14:52.665  INFO 5440 --- [    Test worker] com.zaxxer.hikari.HikariDataSource       : HikariPool-4 - Starting...
2023-02-25 11:14:52.668  INFO 5440 --- [    Test worker] com.zaxxer.hikari.HikariDataSource       : HikariPool-4 - Start completed.
2023-02-25 11:14:52.697  INFO 5440 --- [    Test worker] o.hibernate.jpa.internal.util.LogHelper  : HHH000204: Processing PersistenceUnitInfo [name: default]
2023-02-25 11:14:52.700  INFO 5440 --- [    Test worker] org.hibernate.dialect.Dialect            : HHH000400: Using dialect: org.hibernate.dialect.H2Dialect
2023-02-25 11:14:52.729  INFO 5440 --- [    Test worker] o.h.e.t.j.p.i.JtaPlatformInitiator       : HHH000490: Using JtaPlatform implementation: [org.hibernate.engine.transaction.jta.platform.internal.NoJtaPlatform]
2023-02-25 11:14:52.730  INFO 5440 --- [    Test worker] j.LocalContainerEntityManagerFactoryBean : Initialized JPA EntityManagerFactory for persistence unit 'default'
2023-02-25 11:14:52.830  WARN 5440 --- [    Test worker] JpaBaseConfiguration$JpaWebConfiguration : spring.jpa.open-in-view is enabled by default. Therefore, database queries may be performed during view rendering. Explicitly configure spring.jpa.open-in-view to disable this warning
2023-02-25 11:14:52.896  INFO 5440 --- [    Test worker] o.s.s.concurrent.ThreadPoolTaskExecutor  : Initializing ExecutorService 'applicationTaskExecutor'
2023-02-25 11:14:52.995  INFO 5440 --- [    Test worker] o.s.b.a.h2.H2ConsoleAutoConfiguration    : H2 console available at '/h2'. Database available at 'jdbc:h2:mem:~/bibliotecaTest'
2023-02-25 11:14:53.018  INFO 5440 --- [    Test worker] o.s.b.t.m.w.SpringBootMockServletContext : Initializing Spring TestDispatcherServlet ''
2023-02-25 11:14:53.018  INFO 5440 --- [    Test worker] o.s.t.web.servlet.TestDispatcherServlet  : Initializing Servlet ''
2023-02-25 11:14:53.022  INFO 5440 --- [    Test worker] o.s.t.web.servlet.TestDispatcherServlet  : Completed initialization in 4 ms
2023-02-25 11:14:53.026  INFO 5440 --- [    Test worker] c.c.b.calificador.PrestamoTests          : Started PrestamoTests in 0.532 seconds (JVM running for 6.802)

MockHttpServletRequest:
      HTTP Method = POST
      Request URI = /prestamo
       Parameters = {}
          Headers = [Content-Type:"application/json;charset=UTF-8"]
             Body = {"isbn":"EQWQW8545","identificacionUsuario":"1111111111","tipoUsuario":3}
    Session Attrs = {}

Handler:
             Type = com.ceiba.biblioteca.controller.PrestamoControlador
           Method = com.ceiba.biblioteca.controller.PrestamoControlador#guardarUsuarioBook(UsuarioBookInDTO)

Async:
    Async started = false
     Async result = null

Resolved Exception:
             Type = null

ModelAndView:
        View name = null
             View = null
            Model = null

FlashMap:
       Attributes = null

MockHttpServletResponse:
           Status = 200
    Error message = null
          Headers = [Content-Type:"application/json"]
     Content type = application/json
             Body = {"id":1,"fechaMaximaDevolucion":"07/03/2023"}
    Forwarded URL = null
   Redirected URL = null
          Cookies = []

MockHttpServletRequest:
      HTTP Method = POST
      Request URI = /prestamo
       Parameters = {}
          Headers = [Content-Type:"application/json;charset=UTF-8"]
             Body = {"isbn":"EQWQW8545","identificacionUsuario":"1111111111","tipoUsuario":3}
    Session Attrs = {}

Handler:
             Type = com.ceiba.biblioteca.controller.PrestamoControlador
           Method = com.ceiba.biblioteca.controller.PrestamoControlador#guardarUsuarioBook(UsuarioBookInDTO)

Async:
    Async started = false
     Async result = null

Resolved Exception:
             Type = null

ModelAndView:
        View name = null
             View = null
            Model = null

FlashMap:
       Attributes = null

MockHttpServletResponse:
           Status = 400
    Error message = null
          Headers = [Content-Type:"application/json"]
     Content type = application/json
             Body = {"mensaje":"El usuario con identificaciÃ³n 1111111111 ya tiene un libro prestado por lo cual no se le puede realizar otro prÃ©stamo"}
    Forwarded URL = null
   Redirected URL = null
          Cookies = []
2023-02-25 11:14:53.043  INFO 5440 --- [    Test worker] o.s.s.concurrent.ThreadPoolTaskExecutor  : Shutting down ExecutorService 'applicationTaskExecutor'
2023-02-25 11:14:53.043  INFO 5440 --- [    Test worker] j.LocalContainerEntityManagerFactoryBean : Closing JPA EntityManagerFactory for persistence unit 'default'
2023-02-25 11:14:53.043  INFO 5440 --- [    Test worker] .SchemaDropperImpl$DelayedDropActionImpl : HHH000477: Starting delayed evictData of schema as part of SessionFactory shut-down'
2023-02-25 11:14:53.045  INFO 5440 --- [    Test worker] com.zaxxer.hikari.HikariDataSource       : HikariPool-4 - Shutdown initiated...
2023-02-25 11:14:53.048  INFO 5440 --- [    Test worker] com.zaxxer.hikari.HikariDataSource       : HikariPool-4 - Shutdown completed.

  .   ____          _            __ _ _
 /\\ / ___'_ __ _ _(_)_ __  __ _ \ \ \ \
( ( )\___ | '_ | '_| | '_ \/ _` | \ \ \ \
 \\/  ___)| |_)| | | | | || (_| |  ) ) ) )
  '  |____| .__|_| |_|_| |_\__, | / / / /
 =========|_|==============|___/=/_/_/_/
 :: Spring Boot ::        (v2.2.1.RELEASE)

2023-02-25 11:14:53.061  INFO 5440 --- [    Test worker] c.c.b.calificador.PrestamoTests          : Starting PrestamoTests on Destructor with PID 5440 (started by juand in C:\Trabajo-OLD\Prueba001\ce8227ac-0238-4527-8cac-e9d21fdfa958\biblioteca)
2023-02-25 11:14:53.061  INFO 5440 --- [    Test worker] c.c.b.calificador.PrestamoTests          : No active profile set, falling back to default profiles: default
2023-02-25 11:14:53.129  INFO 5440 --- [    Test worker] .s.d.r.c.RepositoryConfigurationDelegate : Bootstrapping Spring Data repositories in DEFAULT mode.
2023-02-25 11:14:53.141  INFO 5440 --- [    Test worker] .s.d.r.c.RepositoryConfigurationDelegate : Finished Spring Data repository scanning in 11ms. Found 1 repository interfaces.
2023-02-25 11:14:53.180  INFO 5440 --- [    Test worker] trationDelegate$BeanPostProcessorChecker : Bean 'org.springframework.transaction.annotation.ProxyTransactionManagementConfiguration' of type [org.springframework.transaction.annotation.ProxyTransactionManagementConfiguration] is not eligible for getting processed by all BeanPostProcessors (for example: not eligible for auto-proxying)
2023-02-25 11:14:53.204  INFO 5440 --- [    Test worker] com.zaxxer.hikari.HikariDataSource       : HikariPool-5 - Starting...
2023-02-25 11:14:53.205  INFO 5440 --- [    Test worker] com.zaxxer.hikari.HikariDataSource       : HikariPool-5 - Start completed.
2023-02-25 11:14:53.226  INFO 5440 --- [    Test worker] o.hibernate.jpa.internal.util.LogHelper  : HHH000204: Processing PersistenceUnitInfo [name: default]
2023-02-25 11:14:53.230  INFO 5440 --- [    Test worker] org.hibernate.dialect.Dialect            : HHH000400: Using dialect: org.hibernate.dialect.H2Dialect
2023-02-25 11:14:53.255  INFO 5440 --- [    Test worker] o.h.e.t.j.p.i.JtaPlatformInitiator       : HHH000490: Using JtaPlatform implementation: [org.hibernate.engine.transaction.jta.platform.internal.NoJtaPlatform]
2023-02-25 11:14:53.255  INFO 5440 --- [    Test worker] j.LocalContainerEntityManagerFactoryBean : Initialized JPA EntityManagerFactory for persistence unit 'default'
2023-02-25 11:14:53.342  WARN 5440 --- [    Test worker] JpaBaseConfiguration$JpaWebConfiguration : spring.jpa.open-in-view is enabled by default. Therefore, database queries may be performed during view rendering. Explicitly configure spring.jpa.open-in-view to disable this warning
2023-02-25 11:14:53.385  INFO 5440 --- [    Test worker] o.s.s.concurrent.ThreadPoolTaskExecutor  : Initializing ExecutorService 'applicationTaskExecutor'
2023-02-25 11:14:53.452  INFO 5440 --- [    Test worker] o.s.b.a.h2.H2ConsoleAutoConfiguration    : H2 console available at '/h2'. Database available at 'jdbc:h2:mem:~/bibliotecaTest'
2023-02-25 11:14:53.476  INFO 5440 --- [    Test worker] o.s.b.t.m.w.SpringBootMockServletContext : Initializing Spring TestDispatcherServlet ''
2023-02-25 11:14:53.476  INFO 5440 --- [    Test worker] o.s.t.web.servlet.TestDispatcherServlet  : Initializing Servlet ''
2023-02-25 11:14:53.480  INFO 5440 --- [    Test worker] o.s.t.web.servlet.TestDispatcherServlet  : Completed initialization in 4 ms
2023-02-25 11:14:53.483  INFO 5440 --- [    Test worker] c.c.b.calificador.PrestamoTests          : Started PrestamoTests in 0.433 seconds (JVM running for 7.259)

MockHttpServletRequest:
      HTTP Method = POST
      Request URI = /prestamo
       Parameters = {}
          Headers = [Content-Type:"application/json;charset=UTF-8"]
             Body = {"isbn":"EQWQW8545","identificacionUsuario":"1111111111","tipoUsuario":5}
    Session Attrs = {}

Handler:
             Type = com.ceiba.biblioteca.controller.PrestamoControlador
           Method = com.ceiba.biblioteca.controller.PrestamoControlador#guardarUsuarioBook(UsuarioBookInDTO)

Async:
    Async started = false
     Async result = null

Resolved Exception:
             Type = null

ModelAndView:
        View name = null
             View = null
            Model = null

FlashMap:
       Attributes = null

MockHttpServletResponse:
           Status = 400
    Error message = null
          Headers = [Content-Type:"application/json"]
     Content type = application/json
             Body = {"mensaje":"Tipo de usuario no permitido en la biblioteca"}
    Forwarded URL = null
   Redirected URL = null
          Cookies = []
2023-02-25 11:14:53.496  INFO 5440 --- [    Test worker] o.s.s.concurrent.ThreadPoolTaskExecutor  : Shutting down ExecutorService 'applicationTaskExecutor'
2023-02-25 11:14:53.497  INFO 5440 --- [    Test worker] j.LocalContainerEntityManagerFactoryBean : Closing JPA EntityManagerFactory for persistence unit 'default'
2023-02-25 11:14:53.497  INFO 5440 --- [    Test worker] .SchemaDropperImpl$DelayedDropActionImpl : HHH000477: Starting delayed evictData of schema as part of SessionFactory shut-down'
2023-02-25 11:14:53.502  INFO 5440 --- [    Test worker] com.zaxxer.hikari.HikariDataSource       : HikariPool-5 - Shutdown initiated...
2023-02-25 11:14:53.505  INFO 5440 --- [    Test worker] com.zaxxer.hikari.HikariDataSource       : HikariPool-5 - Shutdown completed.

  .   ____          _            __ _ _
 /\\ / ___'_ __ _ _(_)_ __  __ _ \ \ \ \
( ( )\___ | '_ | '_| | '_ \/ _` | \ \ \ \
 \\/  ___)| |_)| | | | | || (_| |  ) ) ) )
  '  |____| .__|_| |_|_| |_\__, | / / / /
 =========|_|==============|___/=/_/_/_/
 :: Spring Boot ::        (v2.2.1.RELEASE)

2023-02-25 11:14:53.518  INFO 5440 --- [    Test worker] c.c.b.calificador.PrestamoTests          : Starting PrestamoTests on Destructor with PID 5440 (started by juand in C:\Trabajo-OLD\Prueba001\ce8227ac-0238-4527-8cac-e9d21fdfa958\biblioteca)
2023-02-25 11:14:53.518  INFO 5440 --- [    Test worker] c.c.b.calificador.PrestamoTests          : No active profile set, falling back to default profiles: default
2023-02-25 11:14:53.598  INFO 5440 --- [    Test worker] .s.d.r.c.RepositoryConfigurationDelegate : Bootstrapping Spring Data repositories in DEFAULT mode.
2023-02-25 11:14:53.613  INFO 5440 --- [    Test worker] .s.d.r.c.RepositoryConfigurationDelegate : Finished Spring Data repository scanning in 15ms. Found 1 repository interfaces.
2023-02-25 11:14:53.654  INFO 5440 --- [    Test worker] trationDelegate$BeanPostProcessorChecker : Bean 'org.springframework.transaction.annotation.ProxyTransactionManagementConfiguration' of type [org.springframework.transaction.annotation.ProxyTransactionManagementConfiguration] is not eligible for getting processed by all BeanPostProcessors (for example: not eligible for auto-proxying)
2023-02-25 11:14:53.674  INFO 5440 --- [    Test worker] com.zaxxer.hikari.HikariDataSource       : HikariPool-6 - Starting...
2023-02-25 11:14:53.677  INFO 5440 --- [    Test worker] com.zaxxer.hikari.HikariDataSource       : HikariPool-6 - Start completed.
2023-02-25 11:14:53.697  INFO 5440 --- [    Test worker] o.hibernate.jpa.internal.util.LogHelper  : HHH000204: Processing PersistenceUnitInfo [name: default]
2023-02-25 11:14:53.699  INFO 5440 --- [    Test worker] org.hibernate.dialect.Dialect            : HHH000400: Using dialect: org.hibernate.dialect.H2Dialect
2023-02-25 11:14:53.737  INFO 5440 --- [    Test worker] o.h.e.t.j.p.i.JtaPlatformInitiator       : HHH000490: Using JtaPlatform implementation: [org.hibernate.engine.transaction.jta.platform.internal.NoJtaPlatform]
2023-02-25 11:14:53.737  INFO 5440 --- [    Test worker] j.LocalContainerEntityManagerFactoryBean : Initialized JPA EntityManagerFactory for persistence unit 'default'
2023-02-25 11:14:53.845  WARN 5440 --- [    Test worker] JpaBaseConfiguration$JpaWebConfiguration : spring.jpa.open-in-view is enabled by default. Therefore, database queries may be performed during view rendering. Explicitly configure spring.jpa.open-in-view to disable this warning
2023-02-25 11:14:53.893  INFO 5440 --- [    Test worker] o.s.s.concurrent.ThreadPoolTaskExecutor  : Initializing ExecutorService 'applicationTaskExecutor'
2023-02-25 11:14:53.962  INFO 5440 --- [    Test worker] o.s.b.a.h2.H2ConsoleAutoConfiguration    : H2 console available at '/h2'. Database available at 'jdbc:h2:mem:~/bibliotecaTest'
2023-02-25 11:14:53.984  INFO 5440 --- [    Test worker] o.s.b.t.m.w.SpringBootMockServletContext : Initializing Spring TestDispatcherServlet ''
2023-02-25 11:14:53.984  INFO 5440 --- [    Test worker] o.s.t.web.servlet.TestDispatcherServlet  : Initializing Servlet ''
2023-02-25 11:14:53.989  INFO 5440 --- [    Test worker] o.s.t.web.servlet.TestDispatcherServlet  : Completed initialization in 5 ms
2023-02-25 11:14:53.992  INFO 5440 --- [    Test worker] c.c.b.calificador.PrestamoTests          : Started PrestamoTests in 0.485 seconds (JVM running for 7.768)

MockHttpServletRequest:
      HTTP Method = POST
      Request URI = /prestamo
       Parameters = {}
          Headers = [Content-Type:"application/json;charset=UTF-8"]
             Body = {"isbn":"EQWQW8545","identificacionUsuario":"1111111111","tipoUsuario":1}
    Session Attrs = {}

Handler:
             Type = com.ceiba.biblioteca.controller.PrestamoControlador
           Method = com.ceiba.biblioteca.controller.PrestamoControlador#guardarUsuarioBook(UsuarioBookInDTO)

Async:
    Async started = false
     Async result = null

Resolved Exception:
             Type = null

ModelAndView:
        View name = null
             View = null
            Model = null

FlashMap:
       Attributes = null

MockHttpServletResponse:
           Status = 200
    Error message = null
          Headers = [Content-Type:"application/json"]
     Content type = application/json
             Body = {"id":1,"fechaMaximaDevolucion":"10/03/2023"}
    Forwarded URL = null
   Redirected URL = null
          Cookies = []

MockHttpServletRequest:
      HTTP Method = POST
      Request URI = /prestamo
       Parameters = {}
          Headers = [Content-Type:"application/json;charset=UTF-8"]
             Body = {"isbn":"EQWQW8545","identificacionUsuario":"1111111111","tipoUsuario":1}
    Session Attrs = {}

Handler:
             Type = com.ceiba.biblioteca.controller.PrestamoControlador
           Method = com.ceiba.biblioteca.controller.PrestamoControlador#guardarUsuarioBook(UsuarioBookInDTO)

Async:
    Async started = false
     Async result = null

Resolved Exception:
             Type = null

ModelAndView:
        View name = null
             View = null
            Model = null

FlashMap:
       Attributes = null

MockHttpServletResponse:
           Status = 200
    Error message = null
          Headers = [Content-Type:"application/json"]
     Content type = application/json
             Body = {"id":2,"fechaMaximaDevolucion":"10/03/2023"}
    Forwarded URL = null
   Redirected URL = null
          Cookies = []
2023-02-25 11:14:54.012  INFO 5440 --- [    Test worker] o.s.s.concurrent.ThreadPoolTaskExecutor  : Shutting down ExecutorService 'applicationTaskExecutor'
2023-02-25 11:14:54.012  INFO 5440 --- [    Test worker] j.LocalContainerEntityManagerFactoryBean : Closing JPA EntityManagerFactory for persistence unit 'default'
2023-02-25 11:14:54.013  INFO 5440 --- [    Test worker] .SchemaDropperImpl$DelayedDropActionImpl : HHH000477: Starting delayed evictData of schema as part of SessionFactory shut-down'
2023-02-25 11:14:54.013  INFO 5440 --- [    Test worker] com.zaxxer.hikari.HikariDataSource       : HikariPool-6 - Shutdown initiated...
2023-02-25 11:14:54.015  INFO 5440 --- [    Test worker] com.zaxxer.hikari.HikariDataSource       : HikariPool-6 - Shutdown completed.

  .   ____          _            __ _ _
 /\\ / ___'_ __ _ _(_)_ __  __ _ \ \ \ \
( ( )\___ | '_ | '_| | '_ \/ _` | \ \ \ \
 \\/  ___)| |_)| | | | | || (_| |  ) ) ) )
  '  |____| .__|_| |_|_| |_\__, | / / / /
 =========|_|==============|___/=/_/_/_/
 :: Spring Boot ::        (v2.2.1.RELEASE)

2023-02-25 11:14:54.028  INFO 5440 --- [    Test worker] c.c.b.calificador.PrestamoTests          : Starting PrestamoTests on Destructor with PID 5440 (started by juand in C:\Trabajo-OLD\Prueba001\ce8227ac-0238-4527-8cac-e9d21fdfa958\biblioteca)
2023-02-25 11:14:54.029  INFO 5440 --- [    Test worker] c.c.b.calificador.PrestamoTests          : No active profile set, falling back to default profiles: default
2023-02-25 11:14:54.093  INFO 5440 --- [    Test worker] .s.d.r.c.RepositoryConfigurationDelegate : Bootstrapping Spring Data repositories in DEFAULT mode.
2023-02-25 11:14:54.099  INFO 5440 --- [    Test worker] .s.d.r.c.RepositoryConfigurationDelegate : Finished Spring Data repository scanning in 5ms. Found 1 repository interfaces.
2023-02-25 11:14:54.129  INFO 5440 --- [    Test worker] trationDelegate$BeanPostProcessorChecker : Bean 'org.springframework.transaction.annotation.ProxyTransactionManagementConfiguration' of type [org.springframework.transaction.annotation.ProxyTransactionManagementConfiguration] is not eligible for getting processed by all BeanPostProcessors (for example: not eligible for auto-proxying)
2023-02-25 11:14:54.150  INFO 5440 --- [    Test worker] com.zaxxer.hikari.HikariDataSource       : HikariPool-7 - Starting...
2023-02-25 11:14:54.151  INFO 5440 --- [    Test worker] com.zaxxer.hikari.HikariDataSource       : HikariPool-7 - Start completed.
2023-02-25 11:14:54.168  INFO 5440 --- [    Test worker] o.hibernate.jpa.internal.util.LogHelper  : HHH000204: Processing PersistenceUnitInfo [name: default]
2023-02-25 11:14:54.171  INFO 5440 --- [    Test worker] org.hibernate.dialect.Dialect            : HHH000400: Using dialect: org.hibernate.dialect.H2Dialect
2023-02-25 11:14:54.195  INFO 5440 --- [    Test worker] o.h.e.t.j.p.i.JtaPlatformInitiator       : HHH000490: Using JtaPlatform implementation: [org.hibernate.engine.transaction.jta.platform.internal.NoJtaPlatform]
2023-02-25 11:14:54.195  INFO 5440 --- [    Test worker] j.LocalContainerEntityManagerFactoryBean : Initialized JPA EntityManagerFactory for persistence unit 'default'
2023-02-25 11:14:54.263  WARN 5440 --- [    Test worker] JpaBaseConfiguration$JpaWebConfiguration : spring.jpa.open-in-view is enabled by default. Therefore, database queries may be performed during view rendering. Explicitly configure spring.jpa.open-in-view to disable this warning
2023-02-25 11:14:54.301  INFO 5440 --- [    Test worker] o.s.s.concurrent.ThreadPoolTaskExecutor  : Initializing ExecutorService 'applicationTaskExecutor'
2023-02-25 11:14:54.370  INFO 5440 --- [    Test worker] o.s.b.a.h2.H2ConsoleAutoConfiguration    : H2 console available at '/h2'. Database available at 'jdbc:h2:mem:~/bibliotecaTest'
2023-02-25 11:14:54.390  INFO 5440 --- [    Test worker] o.s.b.t.m.w.SpringBootMockServletContext : Initializing Spring TestDispatcherServlet ''
2023-02-25 11:14:54.390  INFO 5440 --- [    Test worker] o.s.t.web.servlet.TestDispatcherServlet  : Initializing Servlet ''
2023-02-25 11:14:54.393  INFO 5440 --- [    Test worker] o.s.t.web.servlet.TestDispatcherServlet  : Completed initialization in 3 ms
2023-02-25 11:14:54.395  INFO 5440 --- [    Test worker] c.c.b.calificador.PrestamoTests          : Started PrestamoTests in 0.378 seconds (JVM running for 8.172)

MockHttpServletRequest:
      HTTP Method = GET
      Request URI = /prestamo/1
       Parameters = {}
          Headers = [Accept:"application/json"]
             Body = null
    Session Attrs = {}

Handler:
             Type = com.ceiba.biblioteca.controller.PrestamoControlador
           Method = com.ceiba.biblioteca.controller.PrestamoControlador#getUserBook(Long)

Async:
    Async started = false
     Async result = null

Resolved Exception:
             Type = null

ModelAndView:
        View name = null
             View = null
            Model = null

FlashMap:
       Attributes = null

MockHttpServletResponse:
           Status = 200
    Error message = null
          Headers = [Content-Type:"application/json"]
     Content type = application/json
             Body = {"id":1,"isbn":"ASDA7884","identificacionUsuario":"974148","tipoUsuario":1,"fechaMaximaDevolucion":"10/03/2023"}
    Forwarded URL = null
   Redirected URL = null
          Cookies = []
]]></system-out>
  <system-err><![CDATA[]]></system-err>
</testsuite>
